0 info it worked if it ends with ok
1 verbose cli [ '/usr/local/bin/node',
1 verbose cli   '/usr/local/bin/npm',
1 verbose cli   'install',
1 verbose cli   'queryString' ]
2 info using npm@2.14.4
3 info using node@v4.1.2
4 verbose install initial load of /Users/yale918/coding/impls/package.json
5 verbose installManyTop reading scoped package data from /Users/yale918/coding/impls/node_modules/request/package.json
6 verbose readDependencies loading dependencies from /Users/yale918/coding/impls/package.json
7 silly cache add args [ 'queryString', null ]
8 verbose cache add spec queryString
9 silly cache add parsed spec Result {
9 silly cache add   raw: 'queryString',
9 silly cache add   scope: null,
9 silly cache add   name: 'queryString',
9 silly cache add   rawSpec: '',
9 silly cache add   spec: '*',
9 silly cache add   type: 'range' }
10 silly addNamed queryString@*
11 verbose addNamed "*" is a valid semver range for queryString
12 silly addNameRange { name: 'queryString', range: '*', hasData: false }
13 silly mapToRegistry name queryString
14 silly mapToRegistry using default registry
15 silly mapToRegistry registry https://registry.npmjs.org/
16 silly mapToRegistry uri https://registry.npmjs.org/queryString
17 verbose addNameRange registry:https://registry.npmjs.org/queryString not in flight; fetching
18 verbose request uri https://registry.npmjs.org/queryString
19 verbose request no auth needed
20 info attempt registry request try #1 at 17:01:03
21 verbose request id e5ce985b0898181d
22 http request GET https://registry.npmjs.org/queryString
23 http 404 https://registry.npmjs.org/queryString
24 verbose headers { 'content-type': 'application/json',
24 verbose headers   'cache-control': 'max-age=0',
24 verbose headers   'content-length': '2',
24 verbose headers   'accept-ranges': 'bytes',
24 verbose headers   date: 'Wed, 27 Jul 2016 09:01:20 GMT',
24 verbose headers   via: '1.1 varnish',
24 verbose headers   age: '0',
24 verbose headers   connection: 'keep-alive',
24 verbose headers   'x-served-by': 'cache-nrt6120-NRT',
24 verbose headers   'x-cache': 'MISS',
24 verbose headers   'x-cache-hits': '0',
24 verbose headers   'x-timer': 'S1469610066.989575,VS0,VE13391',
24 verbose headers   vary: 'Accept-Encoding' }
25 silly get cb [ 404,
25 silly get   { 'content-type': 'application/json',
25 silly get     'cache-control': 'max-age=0',
25 silly get     'content-length': '2',
25 silly get     'accept-ranges': 'bytes',
25 silly get     date: 'Wed, 27 Jul 2016 09:01:20 GMT',
25 silly get     via: '1.1 varnish',
25 silly get     age: '0',
25 silly get     connection: 'keep-alive',
25 silly get     'x-served-by': 'cache-nrt6120-NRT',
25 silly get     'x-cache': 'MISS',
25 silly get     'x-cache-hits': '0',
25 silly get     'x-timer': 'S1469610066.989575,VS0,VE13391',
25 silly get     vary: 'Accept-Encoding' } ]
26 verbose stack Error: Registry returned 404 for GET on https://registry.npmjs.org/queryString
26 verbose stack     at makeError (/usr/local/lib/node_modules/npm/node_modules/npm-registry-client/lib/request.js:263:12)
26 verbose stack     at CachingRegistryClient.<anonymous> (/usr/local/lib/node_modules/npm/node_modules/npm-registry-client/lib/request.js:241:14)
26 verbose stack     at Request._callback (/usr/local/lib/node_modules/npm/node_modules/npm-registry-client/lib/request.js:171:14)
26 verbose stack     at Request.self.callback (/usr/local/lib/node_modules/npm/node_modules/request/request.js:198:22)
26 verbose stack     at emitTwo (events.js:87:13)
26 verbose stack     at Request.emit (events.js:172:7)
26 verbose stack     at Request.<anonymous> (/usr/local/lib/node_modules/npm/node_modules/request/request.js:1073:14)
26 verbose stack     at emitOne (events.js:82:20)
26 verbose stack     at Request.emit (events.js:169:7)
26 verbose stack     at IncomingMessage.<anonymous> (/usr/local/lib/node_modules/npm/node_modules/request/request.js:1019:12)
27 verbose statusCode 404
28 verbose pkgid queryString
29 verbose cwd /Users/yale918/coding/impls
30 error Darwin 15.0.0
31 error argv "/usr/local/bin/node" "/usr/local/bin/npm" "install" "queryString"
32 error node v4.1.2
33 error npm  v2.14.4
34 error code E404
35 error 404 Registry returned 404 for GET on https://registry.npmjs.org/queryString
35 error 404
35 error 404 'queryString' is not in the npm registry.
35 error 404 Your package name is not valid, because
35 error 404
35 error 404  1. querystring is a core module name
35 error 404  2. name can no longer contain capital letters
35 error 404
35 error 404 Note that you can also install from a
35 error 404 tarball, folder, http url, or git url.
36 verbose exit [ 1, true ]
